2025-05-12 06:37:53 [main] INFO  log - Starting WebDriver...
2025-05-12 06:38:03 [main] INFO  log - Navigating to URL...
2025-05-12 06:38:04 [main] INFO  log - Starting login test...
2025-05-12 06:38:04 [main] INFO  log - Adding Credentials
2025-05-12 06:38:04 [main] INFO  log - Clicking Login Button...
2025-05-12 06:38:06 [main] INFO  log - Verifying Page Title...
2025-05-12 06:38:06 [main] INFO  log - Login test completed...
2025-05-12 06:38:06 [main] INFO  log - Closing Browser...
2025-05-12 21:12:57 [main] INFO  log - Starting WebDriver...
2025-05-12 21:14:17 [main] INFO  log - Starting WebDriver...
2025-05-12 21:15:08 [main] INFO  log - Navigating to URL...
2025-05-12 21:15:19 [main] INFO  log - Starting login test...
2025-05-12 21:15:19 [main] INFO  log - Adding Credentials
2025-05-12 21:15:20 [main] INFO  log - Clicking Login Button...
2025-05-12 21:15:24 [main] INFO  log - Navigating to URL...
2025-05-12 21:15:38 [main] INFO  log - Verifying Page Title...
2025-05-12 21:15:38 [main] INFO  log - Login test completed...
2025-05-12 21:15:38 [main] INFO  log - Closing Browser...
2025-05-12 21:15:42 [main] INFO  log - Starting login test...
2025-05-12 21:15:42 [main] INFO  log - Adding Credentials
2025-05-12 21:15:42 [main] INFO  log - Clicking Login Button...
2025-05-12 21:15:42 [main] INFO  log - Verifying Page Title...
2025-05-12 21:15:42 [main] INFO  log - Closing Browser...
2025-05-12 21:16:08 [main] INFO  log - Starting WebDriver...
2025-05-12 21:16:10 [main] INFO  log - Navigating to URL...
2025-05-12 21:16:11 [main] INFO  log - Starting login test...
2025-05-12 21:16:11 [main] INFO  log - Adding Credentials
2025-05-12 21:16:11 [main] INFO  log - Clicking Login Button...
2025-05-12 21:16:19 [main] INFO  log - Verifying Page Title...
2025-05-12 21:16:19 [main] INFO  log - Login test completed...
2025-05-12 21:16:19 [main] INFO  log - Closing Browser...
2025-05-12 21:41:36 [main] INFO  log - Starting WebDriver...
2025-05-12 21:41:38 [main] INFO  log - Navigating to URL...
2025-05-12 21:42:09 [main] INFO  log - Starting login test...
2025-05-12 21:42:09 [main] INFO  log - Adding Credentials
2025-05-12 21:42:09 [main] INFO  log - Clicking Login Button...
2025-05-12 21:42:12 [main] INFO  log - Verifying Page Title...
2025-05-12 21:42:12 [main] INFO  log - Closing Browser...
2025-05-12 23:32:56 [main] INFO  log - Starting WebDriver...
2025-05-12 23:34:14 [main] INFO  log - Navigating to URL...
2025-05-12 23:34:18 [main] INFO  log - Starting login test...
2025-05-12 23:34:18 [main] INFO  log - Adding Credentials
2025-05-12 23:34:18 [main] INFO  log - Clicking Login Button...
2025-05-12 23:34:19 [main] INFO  log - Verifying Page Title...
2025-05-12 23:35:05 [main] INFO  log - Closing Browser...
2025-05-13 01:26:09 [main] INFO  log - Starting WebDriver...
2025-05-13 01:26:47 [main] INFO  log - Navigating to URL...
2025-05-13 01:27:00 [main] INFO  log - Starting login test...
2025-05-13 01:27:00 [main] INFO  log - Adding Credentials
2025-05-13 01:27:00 [main] INFO  log - Clicking Login Button...
2025-05-13 01:27:00 [main] INFO  log - Verifying Page Title...
2025-05-13 01:27:00 [main] INFO  log - Closing Browser...
2025-05-13 01:27:01 [main] INFO  log - Starting WebDriver...
2025-05-13 01:27:02 [main] INFO  log - Navigating to URL...
2025-05-13 01:27:12 [main] INFO  log - Starting login test...
2025-05-13 01:27:12 [main] INFO  log - Adding Credentials
2025-05-13 01:27:12 [main] INFO  log - Clicking Login Button...
2025-05-13 01:27:12 [main] INFO  log - Verifying Page Title...
2025-05-13 01:27:13 [main] INFO  log - Closing Browser...
2025-05-13 01:27:13 [main] INFO  log - Starting WebDriver...
2025-05-13 01:27:14 [main] INFO  log - Navigating to URL...
2025-05-13 01:27:31 [main] INFO  log - Starting login test...
2025-05-13 01:27:31 [main] INFO  log - Adding Credentials
2025-05-13 01:27:31 [main] INFO  log - Clicking Login Button...
2025-05-13 01:27:31 [main] INFO  log - Verifying Page Title...
2025-05-13 01:27:32 [main] INFO  log - Closing Browser...
2025-05-13 01:27:32 [main] INFO  log - Starting WebDriver...
2025-05-13 01:27:33 [main] INFO  log - Navigating to URL...
2025-05-13 01:27:47 [main] INFO  log - Starting login test...
2025-05-13 01:27:47 [main] INFO  log - Adding Credentials
2025-05-13 01:27:47 [main] INFO  log - Clicking Login Button...
2025-05-13 01:28:28 [main] INFO  log - Verifying Page Title...
2025-05-13 01:28:28 [main] INFO  log - Closing Browser...
2025-05-13 01:29:29 [main] INFO  log - Starting WebDriver...
2025-05-13 01:29:30 [main] INFO  log - Navigating to URL...
2025-05-13 01:29:42 [main] INFO  log - Starting login test...
2025-05-13 01:29:42 [main] INFO  log - Adding Credentials
2025-05-13 01:29:42 [main] INFO  log - Clicking Login Button...
2025-05-13 01:29:42 [main] INFO  log - Verifying Page Title...
2025-05-13 01:29:42 [main] INFO  log - Closing Browser...
2025-05-13 01:29:42 [main] INFO  log - Starting WebDriver...
2025-05-13 01:29:44 [main] INFO  log - Navigating to URL...
2025-05-13 01:29:58 [main] INFO  log - Starting login test...
2025-05-13 01:29:58 [main] INFO  log - Adding Credentials
2025-05-13 01:29:58 [main] INFO  log - Clicking Login Button...
2025-05-13 01:29:59 [main] INFO  log - Verifying Page Title...
2025-05-13 01:29:59 [main] INFO  log - Closing Browser...
2025-05-13 01:29:59 [main] INFO  log - Starting WebDriver...
2025-05-13 01:30:00 [main] INFO  log - Navigating to URL...
2025-05-13 01:30:11 [main] INFO  log - Starting login test...
2025-05-13 01:30:11 [main] INFO  log - Adding Credentials
2025-05-13 01:30:11 [main] INFO  log - Clicking Login Button...
2025-05-13 01:30:11 [main] INFO  log - Verifying Page Title...
2025-05-13 01:30:12 [main] INFO  log - Closing Browser...
2025-05-13 01:30:12 [main] INFO  log - Starting WebDriver...
2025-05-13 01:30:13 [main] INFO  log - Navigating to URL...
2025-05-13 01:30:22 [main] INFO  log - Starting login test...
2025-05-13 01:30:22 [main] INFO  log - Adding Credentials
2025-05-13 01:30:22 [main] INFO  log - Clicking Login Button...
2025-05-13 01:30:38 [main] INFO  log - Verifying Page Title...
2025-05-13 01:30:38 [main] INFO  log - Closing Browser...
2025-05-13 01:34:02 [main] INFO  log - Starting WebDriver...
2025-05-13 01:34:04 [main] INFO  log - Navigating to URL...
2025-05-13 01:35:08 [main] INFO  log - Starting WebDriver...
2025-05-13 01:35:10 [main] INFO  log - Navigating to URL...
2025-05-13 01:35:42 [main] INFO  log - Starting WebDriver...
2025-05-13 01:35:44 [main] INFO  log - Navigating to URL...
2025-05-13 01:36:51 [main] INFO  log - Starting WebDriver...
2025-05-13 01:36:52 [main] INFO  log - Navigating to URL...
2025-05-13 01:38:20 [main] INFO  log - Starting WebDriver...
2025-05-13 01:38:21 [main] INFO  log - Navigating to URL...
2025-05-13 01:39:34 [main] INFO  log - Starting login test...
2025-05-13 01:39:34 [main] INFO  log - Adding Credentials
2025-05-13 01:39:34 [main] INFO  log - Closing Browser...
2025-05-13 01:39:34 [main] INFO  log - Starting WebDriver...
2025-05-13 01:39:36 [main] INFO  log - Navigating to URL...
2025-05-13 01:40:44 [main] INFO  log - Starting login test...
2025-05-13 01:40:44 [main] INFO  log - Adding Credentials
2025-05-13 01:40:50 [main] INFO  log - Starting WebDriver...
2025-05-13 01:40:52 [main] INFO  log - Navigating to URL...
2025-05-13 01:43:24 [main] INFO  log - Starting WebDriver...
2025-05-13 01:43:26 [main] INFO  log - Navigating to URL...
2025-05-13 01:43:46 [main] INFO  log - Starting login test...
2025-05-13 01:43:46 [main] INFO  log - Adding Credentials
2025-05-13 01:43:46 [main] INFO  log - Closing Browser...
2025-05-13 01:43:46 [main] INFO  log - Starting WebDriver...
2025-05-13 01:43:48 [main] INFO  log - Navigating to URL...
2025-05-13 01:44:31 [main] INFO  log - Starting login test...
2025-05-13 01:44:31 [main] INFO  log - Adding Credentials
2025-05-13 01:44:31 [main] INFO  log - Closing Browser...
2025-05-13 01:44:31 [main] INFO  log - Starting login test...
2025-05-13 01:44:31 [main] INFO  log - Adding Credentials
2025-05-13 01:44:31 [main] INFO  log - Starting WebDriver...
2025-05-13 01:44:31 [main] INFO  log - Closing Browser...
2025-05-13 01:44:31 [main] INFO  log - Starting WebDriver...
2025-05-13 01:44:32 [main] INFO  log - Navigating to URL...
2025-05-13 01:44:33 [main] INFO  log - Navigating to URL...
2025-05-13 01:45:19 [main] INFO  log - Starting login test...
2025-05-13 01:45:19 [main] INFO  log - Adding Credentials
2025-05-13 01:45:19 [main] INFO  log - Closing Browser...
2025-05-13 01:45:19 [main] INFO  log - Starting WebDriver...
2025-05-13 01:45:21 [main] INFO  log - Navigating to URL...
2025-05-13 01:45:24 [main] INFO  log - Starting login test...
2025-05-13 01:45:24 [main] INFO  log - Adding Credentials
2025-05-13 01:45:24 [main] INFO  log - Closing Browser...
2025-05-13 01:45:24 [main] INFO  log - Starting WebDriver...
2025-05-13 01:45:25 [main] INFO  log - Navigating to URL...
2025-05-13 01:46:03 [main] INFO  log - Starting login test...
2025-05-13 01:46:03 [main] INFO  log - Adding Credentials
2025-05-13 01:46:03 [main] INFO  log - Closing Browser...
2025-05-13 01:46:21 [main] INFO  log - Starting login test...
2025-05-13 01:46:21 [main] INFO  log - Adding Credentials
2025-05-13 01:46:21 [main] INFO  log - Closing Browser...
2025-05-13 01:46:21 [main] INFO  log - Starting WebDriver...
2025-05-13 01:46:22 [main] INFO  log - Navigating to URL...
2025-05-13 01:47:47 [main] INFO  log - Starting login test...
2025-05-13 01:47:47 [main] INFO  log - Adding Credentials
2025-05-13 01:48:13 [main] INFO  log - Starting WebDriver...
2025-05-13 01:48:14 [main] INFO  log - Navigating to URL...
2025-05-13 01:49:14 [main] INFO  log - Starting login test...
2025-05-13 01:49:14 [main] INFO  log - Adding Credentials
2025-05-13 01:49:14 [main] INFO  log - Clicking Login Button...
2025-05-13 01:49:14 [main] INFO  log - Verifying Page Title...
2025-05-13 01:49:14 [main] INFO  log - Closing Browser...
2025-05-13 01:49:14 [main] INFO  log - Starting WebDriver...
2025-05-13 01:49:16 [main] INFO  log - Navigating to URL...
2025-05-13 01:49:23 [main] INFO  log - Starting login test...
2025-05-13 01:49:23 [main] INFO  log - Adding Credentials
2025-05-13 01:49:23 [main] INFO  log - Clicking Login Button...
2025-05-13 01:49:23 [main] INFO  log - Verifying Page Title...
2025-05-13 01:49:23 [main] INFO  log - Closing Browser...
2025-05-13 01:49:23 [main] INFO  log - Starting WebDriver...
2025-05-13 01:49:24 [main] INFO  log - Navigating to URL...
2025-05-13 01:49:28 [main] INFO  log - Starting login test...
2025-05-13 01:49:28 [main] INFO  log - Adding Credentials
2025-05-13 01:49:28 [main] INFO  log - Clicking Login Button...
2025-05-13 01:49:28 [main] INFO  log - Verifying Page Title...
2025-05-13 01:49:28 [main] INFO  log - Closing Browser...
2025-05-13 01:49:28 [main] INFO  log - Starting WebDriver...
2025-05-13 01:49:30 [main] INFO  log - Navigating to URL...
2025-05-13 01:49:38 [main] INFO  log - Starting login test...
2025-05-13 01:49:38 [main] INFO  log - Adding Credentials
2025-05-13 01:49:38 [main] INFO  log - Clicking Login Button...
2025-05-13 01:49:38 [main] INFO  log - Verifying Page Title...
2025-05-13 01:49:48 [main] INFO  log - Login test completed...
2025-05-13 01:49:48 [main] INFO  log - Closing Browser...
